{
  "RSpec": {
    "coverage": {
      "/Users/RuthE/MakersAcademy/challenges/TakeAway/lib/customer.rb": [
        1,
        null,
        null,
        1,
        4,
        4,
        null,
        null,
        1,
        2,
        null,
        null,
        1,
        2,
        null,
        null,
        null,
        null,
        null
      ],
      "/Users/RuthE/MakersAcademy/challenges/TakeAway/lib/dish.rb": [
        1,
        null,
        1,
        2,
        2,
        null,
        null,
        1,
        null,
        1,
        1,
        null,
        null,
        null
      ],
      "/Users/RuthE/MakersAcademy/challenges/TakeAway/lib/line_item.rb": [
        1,
        null,
        1,
        3,
        3,
        null,
        null,
        1,
        2,
        null,
        null,
        null
      ],
      "/Users/RuthE/MakersAcademy/challenges/TakeAway/lib/menu.rb": [
        1,
        null,
        1,
        3,
        null,
        null,
        1,
        null,
        1,
        2,
        null,
        null,
        1,
        1,
        1,
        null,
        null,
        null
      ],
      "/Users/RuthE/MakersAcademy/challenges/TakeAway/lib/message.rb": [
        1,
        null,
        1,
        null,
        1,
        1,
        1,
        null,
        1,
        4,
        4,
        null,
        null,
        1,
        3,
        null,
        null,
        1,
        2,
        null,
        null,
        null,
        null,
        2,
        null,
        null,
        null,
        null,
        null,
        null
      ],
      "/Users/RuthE/MakersAcademy/challenges/TakeAway/lib/order.rb": [
        1,
        null,
        null,
        null,
        null,
        null,
        1,
        6,
        null,
        null,
        1,
        3,
        null,
        null,
        1,
        1,
        null,
        null,
        1,
        3,
        null,
        null,
        1,
        2,
        null,
        null,
        null
      ],
      "/Users/RuthE/MakersAcademy/challenges/TakeAway/lib/take_away.rb": [
        1,
        null,
        1,
        3,
        null,
        null,
        1,
        2,
        null,
        null,
        1,
        1,
        null,
        null,
        1,
        1,
        null,
        null
      ]
    },
    "timestamp": 1414962689
  }
}
